# JRE version: OpenJDK Runtime Environment (8.0_152-b01) (build 1.8.0_152-release-1343-b01)
# Java VM: OpenJDK 64-Bit Server VM (25.152-b01 mixed mode windows-amd64 compressed oops)
Heap:
 PSYoungGen      total 25088K, used 9875K [0x00000000ebc00000, 0x00000000edf80000, 0x0000000100000000)
  eden space 13824K, 51% used [0x00000000ebc00000,0x00000000ec2fe2a8,0x00000000ec980000)
  from space 11264K, 24% used [0x00000000ed480000,0x00000000ed726bb8,0x00000000edf80000)
  to   space 11264K, 0% used [0x00000000ec980000,0x00000000ec980000,0x00000000ed480000)
 ParOldGen       total 37376K, used 16701K [0x00000000c3400000, 0x00000000c5880000, 0x00000000ebc00000)
  object space 37376K, 44% used [0x00000000c3400000,0x00000000c444f740,0x00000000c5880000)
 Metaspace       used 37441K, capacity 38019K, committed 38528K, reserved 1083392K
  class space    used 4723K, capacity 4870K, committed 4992K, reserved 1048576K
GC Heap History (10 events):
Event: 125.113 GC heap before
{Heap before GC invocations=12 (full 1):
 PSYoungGen      total 24064K, used 20062K [0x00000000ebc00000, 0x00000000ee080000, 0x0000000100000000)
  eden space 13824K, 71% used [0x00000000ebc00000,0x00000000ec59b8b8,0x00000000ec980000)
  from space 10240K, 99% used [0x00000000ed480000,0x00000000ede7c128,0x00000000ede80000)
  to   space 11264K, 0% used [0x00000000ec980000,0x00000000ec980000,0x00000000ed480000)
 ParOldGen       total 28672K, used 10387K [0x00000000c3400000, 0x00000000c5000000, 0x00000000ebc00000)
  object space 28672K, 36% used [0x00000000c3400000,0x00000000c3e24da8,0x00000000c5000000)
 Metaspace       used 34699K, capacity 35264K, committed 35672K, reserved 1081344K
  class space    used 4449K, capacity 4596K, committed 4608K, reserved 1048576K
Event: 125.131 GC heap after
Heap after GC invocations=12 (full 1):
 PSYoungGen      total 25088K, used 6918K [0x00000000ebc00000, 0x00000000edf80000, 0x0000000100000000)
  eden space 13824K, 0% used [0x00000000ebc00000,0x00000000ebc00000,0x00000000ec980000)
  from space 11264K, 61% used [0x00000000ec980000,0x00000000ed0419a8,0x00000000ed480000)
  to   space 11264K, 0% used [0x00000000ed480000,0x00000000ed480000,0x00000000edf80000)
 ParOldGen       total 28672K, used 13955K [0x00000000c3400000, 0x00000000c5000000, 0x00000000ebc00000)
  object space 28672K, 48% used [0x00000000c3400000,0x00000000c41a0ea0,0x00000000c5000000)
 Metaspace       used 34699K, capacity 35264K, committed 35672K, reserved 1081344K
  class space    used 4449K, capacity 4596K, committed 4608K, reserved 1048576K
}
Event: 126.021 GC heap before
{Heap before GC invocations=13 (full 1):
 PSYoungGen      total 25088K, used 14012K [0x00000000ebc00000, 0x00000000edf80000, 0x0000000100000000)
  eden space 13824K, 51% used [0x00000000ebc00000,0x00000000ec2ed9d0,0x00000000ec980000)
  from space 11264K, 61% used [0x00000000ec980000,0x00000000ed0419a8,0x00000000ed480000)
  to   space 11264K, 0% used [0x00000000ed480000,0x00000000ed480000,0x00000000edf80000)
 ParOldGen       total 28672K, used 13955K [0x00000000c3400000, 0x00000000c5000000, 0x00000000ebc00000)
  object space 28672K, 48% used [0x00000000c3400000,0x00000000c41a0ea0,0x00000000c5000000)
 Metaspace       used 35043K, capacity 35520K, committed 35748K, reserved 1081344K
  class space    used 4464K, capacity 4596K, committed 4608K, reserved 1048576K
Event: 126.034 GC heap after
Heap after GC invocations=13 (full 1):
 PSYoungGen      total 25088K, used 3682K [0x00000000ebc00000, 0x00000000edf80000, 0x0000000100000000)
  eden space 13824K, 0% used [0x00000000ebc00000,0x00000000ebc00000,0x00000000ec980000)
  from space 11264K, 32% used [0x00000000ed480000,0x00000000ed818a60,0x00000000edf80000)
  to   space 11264K, 0% used [0x00000000ec980000,0x00000000ec980000,0x00000000ed480000)
 ParOldGen       total 28672K, used 17315K [0x00000000c3400000, 0x00000000c5000000, 0x00000000ebc00000)
  object space 28672K, 60% used [0x00000000c3400000,0x00000000c44e8ea0,0x00000000c5000000)
 Metaspace       used 35043K, capacity 35520K, committed 35748K, reserved 1081344K
  class space    used 4464K, capacity 4596K, committed 4608K, reserved 1048576K
}
Event: 126.034 GC heap before
{Heap before GC invocations=14 (full 2):
 PSYoungGen      total 25088K, used 3682K [0x00000000ebc00000, 0x00000000edf80000, 0x0000000100000000)
  eden space 13824K, 0% used [0x00000000ebc00000,0x00000000ebc00000,0x00000000ec980000)
  from space 11264K, 32% used [0x00000000ed480000,0x00000000ed818a60,0x00000000edf80000)
  to   space 11264K, 0% used [0x00000000ec980000,0x00000000ec980000,0x00000000ed480000)
 ParOldGen       total 28672K, used 17315K [0x00000000c3400000, 0x00000000c5000000, 0x00000000ebc00000)
  object space 28672K, 60% used [0x00000000c3400000,0x00000000c44e8ea0,0x00000000c5000000)
 Metaspace       used 35043K, capacity 35520K, committed 35748K, reserved 1081344K
  class space    used 4464K, capacity 4596K, committed 4608K, reserved 1048576K
Event: 126.218 GC heap after
Heap after GC invocations=14 (full 2):
 PSYoungGen      total 25088K, used 0K [0x00000000ebc00000, 0x00000000edf80000, 0x0000000100000000)
  eden space 13824K, 0% used [0x00000000ebc00000,0x00000000ebc00000,0x00000000ec980000)
  from space 11264K, 0% used [0x00000000ed480000,0x00000000ed480000,0x00000000edf80000)
  to   space 11264K, 0% used [0x00000000ec980000,0x00000000ec980000,0x00000000ed480000)
 ParOldGen       total 37376K, used 15728K [0x00000000c3400000, 0x00000000c5880000, 0x00000000ebc00000)
  object space 37376K, 42% used [0x00000000c3400000,0x00000000c435c398,0x00000000c5880000)
 Metaspace       used 35043K, capacity 35520K, committed 35748K, reserved 1081344K
  class space    used 4464K, capacity 4596K, committed 4608K, reserved 1048576K
}
Event: 127.803 GC heap before
{Heap before GC invocations=15 (full 2):
 PSYoungGen      total 25088K, used 13824K [0x00000000ebc00000, 0x00000000edf80000, 0x0000000100000000)
  eden space 13824K, 100% used [0x00000000ebc00000,0x00000000ec980000,0x00000000ec980000)
  from space 11264K, 0% used [0x00000000ed480000,0x00000000ed480000,0x00000000edf80000)
  to   space 11264K, 0% used [0x00000000ec980000,0x00000000ec980000,0x00000000ed480000)
 ParOldGen       total 37376K, used 15728K [0x00000000c3400000, 0x00000000c5880000, 0x00000000ebc00000)
  object space 37376K, 42% used [0x00000000c3400000,0x00000000c435c398,0x00000000c5880000)
 Metaspace       used 35426K, capacity 35939K, committed 36388K, reserved 1081344K
  class space    used 4492K, capacity 4628K, committed 4736K, reserved 1048576K
Event: 127.809 GC heap after
Heap after GC invocations=15 (full 2):
 PSYoungGen      total 25088K, used 1589K [0x00000000ebc00000, 0x00000000edf80000, 0x0000000100000000)
  eden space 13824K, 0% used [0x00000000ebc00000,0x00000000ebc00000,0x00000000ec980000)
  from space 11264K, 14% used [0x00000000ec980000,0x00000000ecb0d730,0x00000000ed480000)
  to   space 11264K, 0% used [0x00000000ed480000,0x00000000ed480000,0x00000000edf80000)
 ParOldGen       total 37376K, used 15736K [0x00000000c3400000, 0x00000000c5880000, 0x00000000ebc00000)
  object space 37376K, 42% used [0x00000000c3400000,0x00000000c435e398,0x00000000c5880000)
 Metaspace       used 35426K, capacity 35939K, committed 36388K, reserved 1081344K
  class space    used 4492K, capacity 4628K, committed 4736K, reserved 1048576K
}
Event: 131.571 GC heap before
{Heap before GC invocations=16 (full 2):
 PSYoungGen      total 25088K, used 15413K [0x00000000ebc00000, 0x00000000edf80000, 0x0000000100000000)
  eden space 13824K, 100% used [0x00000000ebc00000,0x00000000ec980000,0x00000000ec980000)
  from space 11264K, 14% used [0x00000000ec980000,0x00000000ecb0d730,0x00000000ed480000)
  to   space 11264K, 0% used [0x00000000ed480000,0x00000000ed480000,0x00000000edf80000)
 ParOldGen       total 37376K, used 15736K [0x00000000c3400000, 0x00000000c5880000, 0x00000000ebc00000)
  object space 37376K, 42% used [0x00000000c3400000,0x00000000c435e398,0x00000000c5880000)
 Metaspace       used 36253K, capacity 36749K, committed 37156K, reserved 1081344K
  class space    used 4580K, capacity 4727K, committed 4736K, reserved 1048576K
Event: 131.579 GC heap after
Heap after GC invocations=16 (full 2):
 PSYoungGen      total 25088K, used 2714K [0x00000000ebc00000, 0x00000000edf80000, 0x0000000100000000)
  eden space 13824K, 0% used [0x00000000ebc00000,0x00000000ebc00000,0x00000000ec980000)
  from space 11264K, 24% used [0x00000000ed480000,0x00000000ed726bb8,0x00000000edf80000)
  to   space 11264K, 0% used [0x00000000ec980000,0x00000000ec980000,0x00000000ed480000)
 ParOldGen       total 37376K, used 16701K [0x00000000c3400000, 0x00000000c5880000, 0x00000000ebc00000)
  object space 37376K, 44% used [0x00000000c3400000,0x00000000c444f740,0x00000000c5880000)
 Metaspace       used 36253K, capacity 36749K, committed 37156K, reserved 1081344K
  class space    used 4580K, capacity 4727K, committed 4736K, reserved 1048576K
}

